Build started 13/01/2020 22:52:08.
     1>Project "C:\Users\lukej\Downloads\Dangerous Racers-20200113T113544Z-001\Dangerous Racers\CPP-SFMLTemplate\CPP-SFMLTemplate.vcxproj" on node 2 (Build target(s)).
     1>ClCompile:
         C:\Program Files (x86)\Microsoft Visual Studio 11.0\VC\bin\CL.exe /c /I"C:\SFML v2.4.0 (Win32 - Visual Studio 2012)\include" /I"C:\SFML-2.4.0 (Win32 - Visual Studio 2012)\include" /ZI /nologo /W3 /WX- /Od /Oy- /D WIN32 /D _DEBUG /D _CONSOLE /D _UNICODE /D UNICODE /Gm /EHsc /RTC1 /MDd /GS /fp:precise /Zc:wchar_t /Zc:forScope /Fo"Debug\\" /Fd"Debug\vc110.pdb" /Gd /TP /analyze- /errorReport:prompt main.cpp
         main.cpp
     1>c:\users\lukej\downloads\dangerous racers-20200113t113544z-001\dangerous racers\cpp-sfmltemplate\car.h(54): warning C4244: '+=' : conversion from 'double' to 'float', possible loss of data
     1>c:\users\lukej\downloads\dangerous racers-20200113t113544z-001\dangerous racers\cpp-sfmltemplate\car.h(55): warning C4244: '-=' : conversion from 'double' to 'float', possible loss of data
     1>c:\users\lukej\downloads\dangerous racers-20200113t113544z-001\dangerous racers\cpp-sfmltemplate\main.cpp(33): warning C4305: 'initializing' : truncation from 'double' to 'const float'
     1>c:\users\lukej\downloads\dangerous racers-20200113t113544z-001\dangerous racers\cpp-sfmltemplate\main.cpp(36): warning C4305: 'initializing' : truncation from 'double' to 'float'
     1>c:\users\lukej\downloads\dangerous racers-20200113t113544z-001\dangerous racers\cpp-sfmltemplate\main.cpp(44): warning C4305: 'initializing' : truncation from 'double' to 'float'
     1>c:\users\lukej\downloads\dangerous racers-20200113t113544z-001\dangerous racers\cpp-sfmltemplate\main.cpp(45): warning C4305: 'initializing' : truncation from 'double' to 'float'
     1>c:\users\lukej\downloads\dangerous racers-20200113t113544z-001\dangerous racers\cpp-sfmltemplate\main.cpp(115): warning C4244: 'argument' : conversion from 'unsigned int' to 'float', possible loss of data
     1>c:\users\lukej\downloads\dangerous racers-20200113t113544z-001\dangerous racers\cpp-sfmltemplate\main.cpp(149): warning C4244: '=' : conversion from 'float' to 'int', possible loss of data
     1>c:\users\lukej\downloads\dangerous racers-20200113t113544z-001\dangerous racers\cpp-sfmltemplate\main.cpp(162): warning C4244: '=' : conversion from 'float' to 'int', possible loss of data
     1>c:\users\lukej\downloads\dangerous racers-20200113t113544z-001\dangerous racers\cpp-sfmltemplate\main.cpp(178): warning C4244: 'argument' : conversion from 'int' to 'float', possible loss of data
     1>c:\users\lukej\downloads\dangerous racers-20200113t113544z-001\dangerous racers\cpp-sfmltemplate\main.cpp(194): warning C4305: 'argument' : truncation from 'double' to 'float'
     1>c:\users\lukej\downloads\dangerous racers-20200113t113544z-001\dangerous racers\cpp-sfmltemplate\main.cpp(198): warning C4305: 'argument' : truncation from 'double' to 'float'
     1>c:\users\lukej\downloads\dangerous racers-20200113t113544z-001\dangerous racers\cpp-sfmltemplate\main.cpp(202): warning C4305: 'argument' : truncation from 'double' to 'float'
     1>c:\users\lukej\downloads\dangerous racers-20200113t113544z-001\dangerous racers\cpp-sfmltemplate\main.cpp(206): warning C4305: 'argument' : truncation from 'double' to 'float'
       Link:
         C:\Program Files (x86)\Microsoft Visual Studio 11.0\VC\bin\link.exe /ERRORREPORT:PROMPT /OUT:"C:\Users\lukej\Downloads\Dangerous Racers-20200113T113544Z-001\Dangerous Racers\Debug\DangerousRacers.exe" /INCREMENTAL /NOLOGO /LIBPATH:"C:\SFML v2.4.0 (Win32 - Visual Studio 2012)\lib" /LIBPATH:"C:\SFML-2.4.0 (Win32 - Visual Studio 2012)\lib" "sfml-system-d.lib" "sfml-graphics-d.lib" "sfml-audio-d.lib" "sfml-network-d.lib" "sfml-window-d.lib" kernel32.lib user32.lib gdi32.lib winspool.lib comdlg32.lib advapi32.lib shell32.lib ole32.lib oleaut32.lib uuid.lib odbc32.lib odbccp32.lib kernel32.lib user32.lib gdi32.lib winspool.lib comdlg32.lib advapi32.lib shell32.lib ole32.lib oleaut32.lib uuid.lib odbc32.lib odbccp32.lib /MANIFEST /MANIFESTUAC:"level='asInvoker' uiAccess='false'" /manifest:embed /DEBUG /PDB:"C:\Users\lukej\Downloads\Dangerous Racers-20200113T113544Z-001\Dangerous Racers\Debug\DangerousRacers.pdb" /SUBSYSTEM:CONSOLE /TLBID:1 /DYNAMICBASE /NXCOMPAT /IMPLIB:"C:\Users\lukej\Downloads\Dangerous Racers-20200113T113544Z-001\Dangerous Racers\Debug\DangerousRacers.lib" /MACHINE:X86 Debug\main.obj
         CPP-SFMLTemplate.vcxproj -> C:\Users\lukej\Downloads\Dangerous Racers-20200113T113544Z-001\Dangerous Racers\Debug\DangerousRacers.exe
     1>Done Building Project "C:\Users\lukej\Downloads\Dangerous Racers-20200113T113544Z-001\Dangerous Racers\CPP-SFMLTemplate\CPP-SFMLTemplate.vcxproj" (Build target(s)).

Build succeeded.

Time Elapsed 00:00:03.36
